[mohs0025.myportfolio.com/index.html]
[backblue.gif]
[fade.gif]
[index.html]
[cdn.myportfolio.com/74aaa573-b028-4ea9-82af-e181d3d000e1/ca032983-bc85-47f0-a2e7-e356468b5f22_rw_600a898.png]
[cdn.myportfolio.com/74aaa573-b028-4ea9-82af-e181d3d000e1/71302f41-cc75-4bde-b513-5c9567deb4d8_carw_1x1x32055a.png]
[mohs0025.myportfolio.com/dist/css/main.css]
[mohs0025.myportfolio.com/first-page.html]
[mohs0025.myportfolio.com/about-me.html]
[mohs0025.myportfolio.com/book-design.html]
[mohs0025.myportfolio.com/web-design-development.html]
[mohs0025.myportfolio.com/ui-ux-design-moodboards.html]
[mohs0025.myportfolio.com/contact.html]
[use.typekit.net/ik/Qqe49HsKRIPYMYkb3t1PlBFKV86meKUeDIYdFVB2gBIfenGgfHYEBsJzwD9oFDIDWD9uwcFcjQZ8jhIa5Q6awQgKFRmRZ2gRFR9tFhjkjc9DwhjtFRsRFR6-MfJIjhUKpPJIZ1s0-kJIpAs7ifGHfHzbMsMMeMb6MKGHfH1bMsMMeMj6MKGHfHdbMsMMeMS6MKG4fJsmIMI]
[cdn.myportfolio.com/74aaa573-b028-4ea9-82af-e181d3d000e1/ca032983-bc85-47f0-a2e7-e356468b5f22c0d2.png]
[cdn.myportfolio.com/74aaa573-b028-4ea9-82af-e181d3d000e1/ca032983-bc85-47f0-a2e7-e356468b5f22_rw_1200e67b.png]
[mohs0025.myportfolio.com/site/translations0ac6]
[mohs0025.myportfolio.com/index.html]
[mohs0025.myportfolio.com/dist/css/main.css]
[cdn.myportfolio.com/74aaa573-b028-4ea9-82af-e181d3d000e1/52232b04eeb873ee0b3809455ee4f5c117532433305fdc.css]
[mohs0025.myportfolio.com/first-page.html]
[mohs0025.myportfolio.com/dist/js/main0ac6.js]
[cdn.myportfolio.com/74aaa573-b028-4ea9-82af-e181d3d000e1/cb9ff8b6-4b8f-485e-97d6-b5720e059ef7a123.png]
[cdn.myportfolio.com/74aaa573-b028-4ea9-82af-e181d3d000e1/cb9ff8b6-4b8f-485e-97d6-b5720e059ef7_rw_12002ead.png]
[mohs0025.myportfolio.com/about-me.html]
[cdn.myportfolio.com/74aaa573-b028-4ea9-82af-e181d3d000e1/4b5f815e-f279-44e2-b823-effd57c105ef_rwc_0x119x1638x2181x1638bc82.jpg]
[mohs0025.myportfolio.com/hans-wilhelm-children-book-collection.html]
[cdn.myportfolio.com/74aaa573-b028-4ea9-82af-e181d3d000e1/4b5f815e-f279-44e2-b823-effd57c105ef_rwc_0x119x1638x2181x324736.jpg]
[mohs0025.myportfolio.com/storytelling-in-short-films.html]
[cdn.myportfolio.com/74aaa573-b028-4ea9-82af-e181d3d000e1/603f7b7a-e246-4ced-83bf-c367e04785bf_rwc_0x60x600x799x329ea5.jpg]
[cdn.myportfolio.com/74aaa573-b028-4ea9-82af-e181d3d000e1/831f5aff-e1ac-4752-aa63-f9e8ec4a2014_rwc_0x50x500x665x32f769.jpg]
[mohs0025.myportfolio.com/cahiers-du-cinema-grands-cineastes.html]
[cdn.myportfolio.com/74aaa573-b028-4ea9-82af-e181d3d000e1/7e2a00ce-c7a3-4b09-b3fb-0d993d5edfe9_rwc_12x0x381x508x324c5b.jpg]
[cdn.myportfolio.com/74aaa573-b028-4ea9-82af-e181d3d000e1/0f84235c-015f-477f-b0ce-4106bc3864b8_rwc_23x0x725x966x326e77.jpg]
[mohs0025.myportfolio.com/david-walliams-books.html]
[cdn.myportfolio.com/74aaa573-b028-4ea9-82af-e181d3d000e1/1a316e7c-d85b-4db9-9a82-72f0be1d80b3_rwc_0x35x1130x1504x32a335.jpg]
[cdn.myportfolio.com/74aaa573-b028-4ea9-82af-e181d3d000e1/bd2014c3-4c14-4ed6-aa69-32e02ddc8997_rwc_0x20x1154x1536x3210f2.jpg]
[mohs0025.myportfolio.com/book-design.html]
[cdn.myportfolio.com/74aaa573-b028-4ea9-82af-e181d3d000e1/fe77609b-b089-4b78-93a1-4447a7d83cc6_rwc_248x0x1216x1620x121631cf.png]
[mohs0025.myportfolio.com/copy-of-casa-mexico-1.html]
[cdn.myportfolio.com/74aaa573-b028-4ea9-82af-e181d3d000e1/01109fc7-af30-4bb8-9d4c-75e06e00c3d7_rwc_27x0x1983x2641x32f548.jpg]
[cdn.myportfolio.com/74aaa573-b028-4ea9-82af-e181d3d000e1/fe77609b-b089-4b78-93a1-4447a7d83cc6_rwc_248x0x1216x1620x323b3c.png]
[mohs0025.myportfolio.com/copy-of-casa-mexico.html]
[cdn.myportfolio.com/74aaa573-b028-4ea9-82af-e181d3d000e1/f8032da5-8390-4d68-8391-35fb1ab3178b_rwc_957x0x1931x2573x328485.jpg]
[cdn.myportfolio.com/74aaa573-b028-4ea9-82af-e181d3d000e1/ad8434b7-e33f-4e11-9b0f-4750f27ff406_rwc_356x0x1824x2430x328bf5.png]
[mohs0025.myportfolio.com/copy-of-astronomy.html]
[cdn.myportfolio.com/74aaa573-b028-4ea9-82af-e181d3d000e1/7b85cc75-dedc-4130-bb90-dd6672dc1ab9_rwc_0x365x700x932x32b10a.jpg]
[cdn.myportfolio.com/74aaa573-b028-4ea9-82af-e181d3d000e1/778474d1-f38b-4aec-88ef-50b05df2cdaa_rwc_372x0x1820x2424x32a0c9.png]
[mohs0025.myportfolio.com/astronomy.html]
[cdn.myportfolio.com/74aaa573-b028-4ea9-82af-e181d3d000e1/0d4a1fa8-a048-4d43-bc2c-76cda7a0d07d_carw_3x4x32c525.png]
[mohs0025.myportfolio.com/web-design-development.html]
[cdn.myportfolio.com/74aaa573-b028-4ea9-82af-e181d3d000e1/ef4fdc68-35e1-4aff-bb67-68c9e2585c65_car_3x4e645.jpg]
[mohs0025.myportfolio.com/copy-of-the-noon.html]
[cdn.myportfolio.com/74aaa573-b028-4ea9-82af-e181d3d000e1/ef4fdc68-35e1-4aff-bb67-68c9e2585c65_carw_3x4x320945.jpg]
[mohs0025.myportfolio.com/copy-of-book-nook-1.html]
[cdn.myportfolio.com/74aaa573-b028-4ea9-82af-e181d3d000e1/db194d2f-1a49-4edb-bad8-0f424c173fcf_carw_3x4x32a42a.jpg]
[mohs0025.myportfolio.com/copy-of-book-nook.html]
[cdn.myportfolio.com/74aaa573-b028-4ea9-82af-e181d3d000e1/fb515867-f57d-4714-8645-5db2820d7d3e_carw_3x4x323a4e.jpg]
[mohs0025.myportfolio.com/ui-ux-design-moodboards.html]
[cdn.myportfolio.com/74aaa573-b028-4ea9-82af-e181d3d000e1/10126ea3-99af-404d-aa74-2de5b1b35d359533.png]
[cdn.myportfolio.com/74aaa573-b028-4ea9-82af-e181d3d000e1/10126ea3-99af-404d-aa74-2de5b1b35d35_rw_120040ac.png]
[mohs0025.myportfolio.com/contact.html]
[cdn.myportfolio.com/74aaa573-b028-4ea9-82af-e181d3d000e1/4d56504e19a908940f5862410bf6f7f717532433301a97.css]
[cdn.myportfolio.com/74aaa573-b028-4ea9-82af-e181d3d000e1/1eb492b0f239cf717cde66c53a2b8dfc17532433301c35.css]
[cdn.myportfolio.com/74aaa573-b028-4ea9-82af-e181d3d000e1/b795e07a-b134-47db-a3bb-61fabb6260618691.png]
[cdn.myportfolio.com/74aaa573-b028-4ea9-82af-e181d3d000e1/b795e07a-b134-47db-a3bb-61fabb626061_rw_6004b48.png]
[cdn.myportfolio.com/74aaa573-b028-4ea9-82af-e181d3d000e1/a4844caf-a129-4cdd-ba82-d3f2eedf6a04e800.png]
[cdn.myportfolio.com/74aaa573-b028-4ea9-82af-e181d3d000e1/a4844caf-a129-4cdd-ba82-d3f2eedf6a04_rw_19200857.png]
[cdn.myportfolio.com/74aaa573-b028-4ea9-82af-e181d3d000e1/b07c38e1-4fc6-49f0-afb5-751083bff602a642.png]
[cdn.myportfolio.com/74aaa573-b028-4ea9-82af-e181d3d000e1/b07c38e1-4fc6-49f0-afb5-751083bff602_rw_1920698b.png]
[cdn.myportfolio.com/74aaa573-b028-4ea9-82af-e181d3d000e1/a510b171-b392-4b0b-94c0-6927b032cdc88cfc.png]
[cdn.myportfolio.com/74aaa573-b028-4ea9-82af-e181d3d000e1/a510b171-b392-4b0b-94c0-6927b032cdc8_rw_1920b3b3.png]
[cdn.myportfolio.com/74aaa573-b028-4ea9-82af-e181d3d000e1/ca6c0f34-7bef-4c4d-8411-e9326093c8762e32.png]
[cdn.myportfolio.com/74aaa573-b028-4ea9-82af-e181d3d000e1/ca6c0f34-7bef-4c4d-8411-e9326093c876_rw_19200684.png]
[cdn.myportfolio.com/74aaa573-b028-4ea9-82af-e181d3d000e1/e93d0c4d-5267-41fc-9d0a-7e06d0f0de806f82.png]
[cdn.myportfolio.com/74aaa573-b028-4ea9-82af-e181d3d000e1/e93d0c4d-5267-41fc-9d0a-7e06d0f0de80_rw_1920ae7d.png]
[cdn.myportfolio.com/74aaa573-b028-4ea9-82af-e181d3d000e1/7e2a00ce-c7a3-4b09-b3fb-0d993d5edfe9_rwc_12x0x381x508x38144e9.jpg]
[cdn.myportfolio.com/74aaa573-b028-4ea9-82af-e181d3d000e1/0f84235c-015f-477f-b0ce-4106bc3864b8_rwc_23x0x725x966x725b7e4.jpg]
[cdn.myportfolio.com/74aaa573-b028-4ea9-82af-e181d3d000e1/1a316e7c-d85b-4db9-9a82-72f0be1d80b3_rwc_0x35x1130x1504x11300803.jpg]
[cdn.myportfolio.com/74aaa573-b028-4ea9-82af-e181d3d000e1/bd2014c3-4c14-4ed6-aa69-32e02ddc8997_rwc_0x20x1154x1536x11548d98.jpg]
[cdn.myportfolio.com/74aaa573-b028-4ea9-82af-e181d3d000e1/603f7b7a-e246-4ced-83bf-c367e04785bf_rwc_0x60x600x799x600dfbc.jpg]
[cdn.myportfolio.com/74aaa573-b028-4ea9-82af-e181d3d000e1/831f5aff-e1ac-4752-aa63-f9e8ec4a2014_rwc_0x50x500x665x500c820.jpg]
[mohs0025.myportfolio.com/hans-wilhelm-children-book-collection.html]
[cdn.myportfolio.com/74aaa573-b028-4ea9-82af-e181d3d000e1/6148c1e3-e98b-4a8d-855f-bf4d373b5f798058.png]
[cdn.myportfolio.com/74aaa573-b028-4ea9-82af-e181d3d000e1/6148c1e3-e98b-4a8d-855f-bf4d373b5f79_rw_1200924e.png]
[cdn.myportfolio.com/74aaa573-b028-4ea9-82af-e181d3d000e1/d39ddffd-e48b-4d08-851a-d2025182f647aaf9.png]
[cdn.myportfolio.com/74aaa573-b028-4ea9-82af-e181d3d000e1/d39ddffd-e48b-4d08-851a-d2025182f647_rw_19203133.png]
[cdn.myportfolio.com/74aaa573-b028-4ea9-82af-e181d3d000e1/97cdea0e-4191-42d1-b923-d22804f3cfce91f4.png]
[cdn.myportfolio.com/74aaa573-b028-4ea9-82af-e181d3d000e1/97cdea0e-4191-42d1-b923-d22804f3cfce_rw_19207106.png]
[cdn.myportfolio.com/74aaa573-b028-4ea9-82af-e181d3d000e1/09a1f1f5-b680-4a1c-9aa2-10df8159d1bd68d5.png]
[cdn.myportfolio.com/74aaa573-b028-4ea9-82af-e181d3d000e1/09a1f1f5-b680-4a1c-9aa2-10df8159d1bd_rw_1920d646.png]
[cdn.myportfolio.com/74aaa573-b028-4ea9-82af-e181d3d000e1/f4dff675-4375-4f32-9eff-70b524fe867670f0.png]
[cdn.myportfolio.com/74aaa573-b028-4ea9-82af-e181d3d000e1/f4dff675-4375-4f32-9eff-70b524fe8676_rw_1920fb30.png]
[cdn.myportfolio.com/74aaa573-b028-4ea9-82af-e181d3d000e1/a499b625-5de4-4fa9-bcba-0d78b70a2d9c1ed2.png]
[cdn.myportfolio.com/74aaa573-b028-4ea9-82af-e181d3d000e1/a499b625-5de4-4fa9-bcba-0d78b70a2d9c_rw_19200d8f.png]
[mohs0025.myportfolio.com/storytelling-in-short-films.html]
[cdn.myportfolio.com/74aaa573-b028-4ea9-82af-e181d3d000e1/5fbad41a-9b5b-43b5-a7c9-1d8866b8394fa8c1.png]
[cdn.myportfolio.com/74aaa573-b028-4ea9-82af-e181d3d000e1/5fbad41a-9b5b-43b5-a7c9-1d8866b8394f_rw_1200be44.png]
[cdn.myportfolio.com/74aaa573-b028-4ea9-82af-e181d3d000e1/cfa11ff4-af81-45fc-8e9a-23439c4156f211c1.png]
[cdn.myportfolio.com/74aaa573-b028-4ea9-82af-e181d3d000e1/cfa11ff4-af81-45fc-8e9a-23439c4156f2_rw_1920d602.png]
[cdn.myportfolio.com/74aaa573-b028-4ea9-82af-e181d3d000e1/51cf76c6-173b-4b3f-9259-4fc16f04653ae85c.png]
[cdn.myportfolio.com/74aaa573-b028-4ea9-82af-e181d3d000e1/51cf76c6-173b-4b3f-9259-4fc16f04653a_rw_1920ef84.png]
[cdn.myportfolio.com/74aaa573-b028-4ea9-82af-e181d3d000e1/8e5a25d6-78da-416f-bb8c-f9994040b71f4836.png]
[cdn.myportfolio.com/74aaa573-b028-4ea9-82af-e181d3d000e1/8e5a25d6-78da-416f-bb8c-f9994040b71f_rw_1920992d.png]
[cdn.myportfolio.com/74aaa573-b028-4ea9-82af-e181d3d000e1/6f588ebf-cbbd-4d1f-a5b5-082cfdf4bff724c3.png]
[cdn.myportfolio.com/74aaa573-b028-4ea9-82af-e181d3d000e1/6f588ebf-cbbd-4d1f-a5b5-082cfdf4bff7_rw_19205cff.png]
[cdn.myportfolio.com/74aaa573-b028-4ea9-82af-e181d3d000e1/74158825-608a-4214-a66f-d4027e0cd803d5a4.png]
[cdn.myportfolio.com/74aaa573-b028-4ea9-82af-e181d3d000e1/74158825-608a-4214-a66f-d4027e0cd803_rw_192065e4.png]
[cdn.myportfolio.com/74aaa573-b028-4ea9-82af-e181d3d000e1/558f6ce0-44c6-4149-a318-02104dd31e005674.png]
[cdn.myportfolio.com/74aaa573-b028-4ea9-82af-e181d3d000e1/558f6ce0-44c6-4149-a318-02104dd31e00_rw_19209b1a.png]
[cdn.myportfolio.com/74aaa573-b028-4ea9-82af-e181d3d000e1/38916c8a-d79c-4f51-865f-95532f2771d63232.png]
[mohs0025.myportfolio.com/cahiers-du-cinema-grands-cineastes.html]
[cdn.myportfolio.com/74aaa573-b028-4ea9-82af-e181d3d000e1/38916c8a-d79c-4f51-865f-95532f2771d6_rw_120040d5.png]
[cdn.myportfolio.com/74aaa573-b028-4ea9-82af-e181d3d000e1/415a9cde-0264-4f16-91ee-26b1698fb2e3802b.png]
[cdn.myportfolio.com/74aaa573-b028-4ea9-82af-e181d3d000e1/415a9cde-0264-4f16-91ee-26b1698fb2e3_rw_600548c.png]
[cdn.myportfolio.com/74aaa573-b028-4ea9-82af-e181d3d000e1/346f89cd-b17b-4c22-b200-9eb54dfdfd201aa8.png]
[cdn.myportfolio.com/74aaa573-b028-4ea9-82af-e181d3d000e1/346f89cd-b17b-4c22-b200-9eb54dfdfd20_rw_19208c5e.png]
[cdn.myportfolio.com/74aaa573-b028-4ea9-82af-e181d3d000e1/8eed9101-c770-4636-8356-1a786e1ebf5c6691.png]
[cdn.myportfolio.com/74aaa573-b028-4ea9-82af-e181d3d000e1/8eed9101-c770-4636-8356-1a786e1ebf5c_rw_19207da5.png]
[cdn.myportfolio.com/74aaa573-b028-4ea9-82af-e181d3d000e1/955e07b8-21c6-4b1a-84e0-0c932dde69298eea.png]
[cdn.myportfolio.com/74aaa573-b028-4ea9-82af-e181d3d000e1/955e07b8-21c6-4b1a-84e0-0c932dde6929_rw_1920eedb.png]
[cdn.myportfolio.com/74aaa573-b028-4ea9-82af-e181d3d000e1/60d6f07f-9fbb-49c3-9d0f-7eb87898f1a83737.png]
[cdn.myportfolio.com/74aaa573-b028-4ea9-82af-e181d3d000e1/60d6f07f-9fbb-49c3-9d0f-7eb87898f1a8_rw_1920e435.png]
[cdn.myportfolio.com/74aaa573-b028-4ea9-82af-e181d3d000e1/51c1f6f2-076d-4140-a4e8-840b7d6ae4a3b071.png]
[mohs0025.myportfolio.com/david-walliams-books.html]
[cdn.myportfolio.com/74aaa573-b028-4ea9-82af-e181d3d000e1/51c1f6f2-076d-4140-a4e8-840b7d6ae4a3_rw_1920d4f0.png]
[cdn.myportfolio.com/74aaa573-b028-4ea9-82af-e181d3d000e1/464ba9dfdd4af4595a978829528045e017532433301351.css]
[cdn.myportfolio.com/74aaa573-b028-4ea9-82af-e181d3d000e1/98159769-5004-4af6-8484-6d27073791f23805.png]
[cdn.myportfolio.com/74aaa573-b028-4ea9-82af-e181d3d000e1/98159769-5004-4af6-8484-6d27073791f2_rw_19205b6b.png]
[cdn.myportfolio.com/74aaa573-b028-4ea9-82af-e181d3d000e1/f1240dfc-1b20-4d49-aafd-07d97e16bdbc8388.png]
[cdn.myportfolio.com/74aaa573-b028-4ea9-82af-e181d3d000e1/f1240dfc-1b20-4d49-aafd-07d97e16bdbc_rw_1920f3fe.png]
[cdn.myportfolio.com/74aaa573-b028-4ea9-82af-e181d3d000e1/62cc8967-a46a-4302-94a8-61eea144cec5cb26.png]
[cdn.myportfolio.com/74aaa573-b028-4ea9-82af-e181d3d000e1/62cc8967-a46a-4302-94a8-61eea144cec5_rw_600c74b.png]
[cdn.myportfolio.com/74aaa573-b028-4ea9-82af-e181d3d000e1/cffb266d-a83a-48bd-81a6-3605b3d39141bc07.png]
[cdn.myportfolio.com/74aaa573-b028-4ea9-82af-e181d3d000e1/cffb266d-a83a-48bd-81a6-3605b3d39141_rw_1200ec6a.png]
[cdn.myportfolio.com/74aaa573-b028-4ea9-82af-e181d3d000e1/f133f588-5b03-4c19-bc88-1a30a7d5e3e3ffb8.jpg]
[cdn.myportfolio.com/74aaa573-b028-4ea9-82af-e181d3d000e1/f133f588-5b03-4c19-bc88-1a30a7d5e3e3_rw_192092b7.jpg]
[cdn.myportfolio.com/74aaa573-b028-4ea9-82af-e181d3d000e1/3b4ca7e6-4b03-404c-bd0d-34e98bfa19e068f3.png]
[cdn.myportfolio.com/74aaa573-b028-4ea9-82af-e181d3d000e1/3b4ca7e6-4b03-404c-bd0d-34e98bfa19e0_rw_1200ff34.png]
[cdn.myportfolio.com/74aaa573-b028-4ea9-82af-e181d3d000e1/427f4c05-6ed8-4d86-aa3c-0cd731ed6f7dbbef.png]
[cdn.myportfolio.com/74aaa573-b028-4ea9-82af-e181d3d000e1/427f4c05-6ed8-4d86-aa3c-0cd731ed6f7d_rw_1200f599.png]
[cdn.myportfolio.com/74aaa573-b028-4ea9-82af-e181d3d000e1/fe65d54e-d404-4430-96d0-1fdb3c5ea6204658.png]
[cdn.myportfolio.com/74aaa573-b028-4ea9-82af-e181d3d000e1/fe65d54e-d404-4430-96d0-1fdb3c5ea620_rw_1920fb79.png]
[cdn.myportfolio.com/74aaa573-b028-4ea9-82af-e181d3d000e1/f8032da5-8390-4d68-8391-35fb1ab3178b_rwc_957x0x1931x2573x193185df.jpg]
[cdn.myportfolio.com/74aaa573-b028-4ea9-82af-e181d3d000e1/ad8434b7-e33f-4e11-9b0f-4750f27ff406_rwc_356x0x1824x2430x1824ae1e.png]
[cdn.myportfolio.com/74aaa573-b028-4ea9-82af-e181d3d000e1/7b85cc75-dedc-4130-bb90-dd6672dc1ab9_rwc_0x365x700x932x700cb3f.jpg]
[cdn.myportfolio.com/74aaa573-b028-4ea9-82af-e181d3d000e1/778474d1-f38b-4aec-88ef-50b05df2cdaa_rwc_372x0x1820x2424x18208d71.png]
[cdn.myportfolio.com/74aaa573-b028-4ea9-82af-e181d3d000e1/0d4a1fa8-a048-4d43-bc2c-76cda7a0d07d_car_3x486e1.png]
[mohs0025.myportfolio.com/copy-of-casa-mexico-1.html]
[cdn.myportfolio.com/74aaa573-b028-4ea9-82af-e181d3d000e1/988f3457-f9d7-47cd-a27d-8110540747ef3e28.png]
[cdn.myportfolio.com/74aaa573-b028-4ea9-82af-e181d3d000e1/988f3457-f9d7-47cd-a27d-8110540747ef_rw_1920e03d.png]
[cdn.myportfolio.com/74aaa573-b028-4ea9-82af-e181d3d000e1/cbff457d-f9a2-41af-8980-e1e4fe6814bdd151.png]
[cdn.myportfolio.com/74aaa573-b028-4ea9-82af-e181d3d000e1/cbff457d-f9a2-41af-8980-e1e4fe6814bd_rw_1920f81d.png]
[cdn.myportfolio.com/74aaa573-b028-4ea9-82af-e181d3d000e1/1b2b6772-af3f-471d-8c73-1f9f333579311a6c.jpg]
[cdn.myportfolio.com/74aaa573-b028-4ea9-82af-e181d3d000e1/1b2b6772-af3f-471d-8c73-1f9f33357931_rw_19206013.jpg]
[cdn.myportfolio.com/74aaa573-b028-4ea9-82af-e181d3d000e1/51b02992-9ad6-4033-8a5e-3f0ce4c5d371e758.jpg]
[cdn.myportfolio.com/74aaa573-b028-4ea9-82af-e181d3d000e1/51b02992-9ad6-4033-8a5e-3f0ce4c5d371_rw_1200ed0b.jpg]
[cdn.myportfolio.com/74aaa573-b028-4ea9-82af-e181d3d000e1/988d2a59-7260-44a6-913e-882f36e5998742e7.jpg]
[cdn.myportfolio.com/74aaa573-b028-4ea9-82af-e181d3d000e1/988d2a59-7260-44a6-913e-882f36e59987_rw_120040d0.jpg]
[cdn.myportfolio.com/74aaa573-b028-4ea9-82af-e181d3d000e1/58aa610d-6dbc-4798-8160-cad0a99fa666fa76.jpg]
[cdn.myportfolio.com/74aaa573-b028-4ea9-82af-e181d3d000e1/58aa610d-6dbc-4798-8160-cad0a99fa666_rw_12005adc.jpg]
[cdn.myportfolio.com/74aaa573-b028-4ea9-82af-e181d3d000e1/ef0414a7-f003-4b1f-8cff-b9fee9367dc48ae4.jpg]
[cdn.myportfolio.com/74aaa573-b028-4ea9-82af-e181d3d000e1/ef0414a7-f003-4b1f-8cff-b9fee9367dc4_rw_1200d33a.jpg]
[cdn.myportfolio.com/74aaa573-b028-4ea9-82af-e181d3d000e1/309d9c99-1b01-4947-8252-aef859b9905eca76.jpg]
[cdn.myportfolio.com/74aaa573-b028-4ea9-82af-e181d3d000e1/309d9c99-1b01-4947-8252-aef859b9905e_rw_1200361b.jpg]
[cdn.myportfolio.com/74aaa573-b028-4ea9-82af-e181d3d000e1/cec988f0-6cb6-4840-bedf-bfd2ae3bdeadd3f6.jpg]
[cdn.myportfolio.com/74aaa573-b028-4ea9-82af-e181d3d000e1/cec988f0-6cb6-4840-bedf-bfd2ae3bdead_rw_1200b351.jpg]
[cdn.myportfolio.com/74aaa573-b028-4ea9-82af-e181d3d000e1/1bfc9394-f0ea-4b3a-a69c-37d9c3cd1b0b30f1.jpg]
[cdn.myportfolio.com/74aaa573-b028-4ea9-82af-e181d3d000e1/1bfc9394-f0ea-4b3a-a69c-37d9c3cd1b0b_rw_38404b23.jpg]
[cdn.myportfolio.com/74aaa573-b028-4ea9-82af-e181d3d000e1/9dc31faf-7109-4742-aadf-1c11af16c0cfd709.jpg]
[cdn.myportfolio.com/74aaa573-b028-4ea9-82af-e181d3d000e1/9dc31faf-7109-4742-aadf-1c11af16c0cf_rw_1200b092.jpg]
[cdn.myportfolio.com/74aaa573-b028-4ea9-82af-e181d3d000e1/cc456105-3717-4523-8059-55182d02bd31d24c.png]
[cdn.myportfolio.com/74aaa573-b028-4ea9-82af-e181d3d000e1/cc456105-3717-4523-8059-55182d02bd31_rw_1920780a.png]
[cdn.myportfolio.com/74aaa573-b028-4ea9-82af-e181d3d000e1/01109fc7-af30-4bb8-9d4c-75e06e00c3d7_rwc_27x0x1983x2641x19834520.jpg]
[mohs0025.myportfolio.com/copy-of-casa-mexico.html]
[mohs0025.myportfolio.com/copy-of-astronomy.html]
[cdn.myportfolio.com/74aaa573-b028-4ea9-82af-e181d3d000e1/66a275d6-442d-4bdd-9a79-13c7e17e296a4b3d.png]
[cdn.myportfolio.com/74aaa573-b028-4ea9-82af-e181d3d000e1/66a275d6-442d-4bdd-9a79-13c7e17e296a_rw_1920d48e.png]
[cdn.myportfolio.com/74aaa573-b028-4ea9-82af-e181d3d000e1/638cccb8-a6b0-4390-a671-bbc65a11d1cf3732.jpg]
[cdn.myportfolio.com/74aaa573-b028-4ea9-82af-e181d3d000e1/638cccb8-a6b0-4390-a671-bbc65a11d1cf_rw_19206b07.jpg]
[cdn.myportfolio.com/74aaa573-b028-4ea9-82af-e181d3d000e1/c4084287-a00d-4b08-af1e-32bcef888796e573.png]
[cdn.myportfolio.com/74aaa573-b028-4ea9-82af-e181d3d000e1/c4084287-a00d-4b08-af1e-32bcef888796_rw_1920f6f0.png]
[cdn.myportfolio.com/74aaa573-b028-4ea9-82af-e181d3d000e1/67b9e0da-f440-46cb-9014-3ced9ce9609cd96f.png]
[cdn.myportfolio.com/74aaa573-b028-4ea9-82af-e181d3d000e1/67b9e0da-f440-46cb-9014-3ced9ce9609c_rw_19206a6a.png]
[cdn.myportfolio.com/74aaa573-b028-4ea9-82af-e181d3d000e1/d9bd8fbc-fc41-4f5d-8bd2-0e4532484a5b5840.png]
[cdn.myportfolio.com/74aaa573-b028-4ea9-82af-e181d3d000e1/d9bd8fbc-fc41-4f5d-8bd2-0e4532484a5b_rw_3840e3b7.png]
[mohs0025.myportfolio.com/astronomy.html]
[cdn.myportfolio.com/74aaa573-b028-4ea9-82af-e181d3d000e1/4bd10b425d0c68450ae7b5190b90d6da17532433309089.css]
[cdn.myportfolio.com/74aaa573-b028-4ea9-82af-e181d3d000e1/db194d2f-1a49-4edb-bad8-0f424c173fcf_car_3x43861.jpg]
[cdn.myportfolio.com/74aaa573-b028-4ea9-82af-e181d3d000e1/fb515867-f57d-4714-8645-5db2820d7d3e_car_3x4810b.jpg]
[mohs0025.myportfolio.com/copy-of-the-noon.html]
[mohs0025.myportfolio.com/copy-of-book-nook-1.html]
[mohs0025.myportfolio.com/copy-of-book-nook.html]
[cdn.myportfolio.com/74aaa573-b028-4ea9-82af-e181d3d000e1/29e549082b03b95dfc7d3ad1146739671753243330a073.css]
[cdn.myportfolio.com/74aaa573-b028-4ea9-82af-e181d3d000e1/3fd7aac2cf525914095fd7ebc77a97991753243330cf94.css]
[cdn.myportfolio.com/74aaa573-b028-4ea9-82af-e181d3d000e1/0257a1754fe29b10c06d2c20d51105a7175324333062a0.css]
[cdn.myportfolio.com/74aaa573-b028-4ea9-82af-e181d3d000e1/fb3aa1a129a45b641c20f525769b668917532433301545.css]
[cdn.myportfolio.com/74aaa573-b028-4ea9-82af-e181d3d000e1/4331f915bd634811da4564df4e6e314417532433308f2d.css]
[cdn.myportfolio.com/74aaa573-b028-4ea9-82af-e181d3d000e1/6a9f60fde5fb4aac2cf2e09d9c36831d1753243330bf72.css]
[cdn.myportfolio.com/74aaa573-b028-4ea9-82af-e181d3d000e1/33352f3f960e16c1cadc230680a41aaf1753243330d46a.css]
[cdn.myportfolio.com/74aaa573-b028-4ea9-82af-e181d3d000e1/811682e06024a543ae47641cead9acad1753243330a339.css]
[cdn.myportfolio.com/74aaa573-b028-4ea9-82af-e181d3d000e1/fd4aecdbbe423d6a6aaaec553f6d665317532433304d87.css]
[cdn.myportfolio.com/74aaa573-b028-4ea9-82af-e181d3d000e1/6d1468656e313781784333887382477a175324333041e2.css]
[cdn.myportfolio.com/74aaa573-b028-4ea9-82af-e181d3d000e1/bc94b9cd6ea639c083db787e070cfc7217532433303129.css]
